<?xml version="1.0" encoding="UTF-8"?>
<!-- Generated by org.testng.reporters.JUnitReportReporter -->
<testsuite hostname="gvig-macbookpro1.roam.corp.google.com" failures="0" tests="2" name="testCases.LoginTest" time="34.308" errors="0" timestamp="2024-09-06T08:19:04 IST" skipped="0">
  <testcase classname="testCases.LoginTest" name="verifyLogin" time="24.271"/>
  <system-out/>
  <testcase classname="testCases.LoginTest" name="verifyLogin" time="10.037"/>
  <system-out/>
</testsuite> <!-- testCases.LoginTest -->
